<?xml version="1.0" encoding="UTF-8"?>
<testng-results skipped="0" failed="1" ignored="0" total="1" passed="0">
  <reporter-output>
  </reporter-output>
  <suite name="Default suite" duration-ms="36605" started-at="2019-12-05T15:31:01Z" finished-at="2019-12-05T15:31:37Z">
    <groups>
    </groups>
    <test name="Default test" duration-ms="36605" started-at="2019-12-05T15:31:01Z" finished-at="2019-12-05T15:31:37Z">
      <class name="com.ivymobility.testcases.SalesOrder_Create">
        <test-method status="PASS" signature="dataSetup()[pri:0, instance:com.ivymobility.testcases.SalesOrder_Create@68c4039c]" name="dataSetup" is-config="true" duration-ms="31585" started-at="2019-12-05T21:01:01Z" finished-at="2019-12-05T21:01:32Z">
          <reporter-output>
          </reporter-output>
        </test-method> <!-- dataSetup -->
        <test-method status="FAIL" signature="SalesOrder(java.lang.String, java.lang.String, java.lang.String, java.lang.String, java.lang.String)[pri:0, instance:com.ivymobility.testcases.SalesOrder_Create@68c4039c]" name="SalesOrder" duration-ms="4142" started-at="2019-12-05T21:01:32Z" data-provider="getTestData" finished-at="2019-12-05T21:01:37Z">
          <params>
            <param index="0">
              <value>
                <![CDATA[TTPRE]]>
              </value>
            </param>
            <param index="1">
              <value>
                <![CDATA[32082010022019000000]]>
              </value>
            </param>
            <param index="2">
              <value>
                <![CDATA[WH2]]>
              </value>
            </param>
            <param index="3">
              <value>
                <![CDATA[WH2]]>
              </value>
            </param>
            <param index="4">
              <value>
                <![CDATA[3456.0]]>
              </value>
            </param>
          </params>
          <exception class="org.openqa.selenium.ElementClickInterceptedException">
            <message>
              <![CDATA[element click intercepted: Element <input class="form-control" data-val="true" data-val-regex="[Sales Person] Please enter valid input." data-val-regex-pattern="[^@!&quot;><]+$" data-val-required="Sales Person is mandatory." id="SalesPerson" name="SalesPerson" placeholder="Sales Person" type="text" value=""> is not clickable at point (574, 65). Other element would receive the click: <div class="loader-section">...</div>
  (Session info: chrome=78.0.3904.108)
Build info: version: '3.141.5', revision: 'd54ebd709a', time: '2018-11-06T11:42:16'
System info: host: 'LT-1305', ip: '192.168.43.172', os.name: 'Windows 10', os.arch: 'amd64', os.version: '10.0', java.version: '1.8.0_221'
Driver info: org.openqa.selenium.chrome.ChromeDriver
Capabilities {acceptInsecureCerts: false, browserName: chrome, browserVersion: 78.0.3904.108, chrome: {chromedriverVersion: 78.0.3904.105 (60e2d8774a81..., userDataDir: C:\Users\TAMILS~1.SK\AppDat...}, goog:chromeOptions: {debuggerAddress: localhost:59413}, javascriptEnabled: true, networkConnectionEnabled: false, pageLoadStrategy: normal, platform: XP, platformName: XP, proxy: Proxy(), setWindowRect: true, strictFileInteractability: false, timeouts: {implicit: 0, pageLoad: 300000, script: 30000}, unhandledPromptBehavior: dismiss and notify}
Session ID: 8d89f46133b37734e19540fd831cbf45]]>
            </message>
            <full-stacktrace>
              <![CDATA[org.openqa.selenium.ElementClickInterceptedException: element click intercepted: Element <input class="form-control" data-val="true" data-val-regex="[Sales Person] Please enter valid input." data-val-regex-pattern="[^@!&quot;><]+$" data-val-required="Sales Person is mandatory." id="SalesPerson" name="SalesPerson" placeholder="Sales Person" type="text" value=""> is not clickable at point (574, 65). Other element would receive the click: <div class="loader-section">...</div>
  (Session info: chrome=78.0.3904.108)
Build info: version: '3.141.5', revision: 'd54ebd709a', time: '2018-11-06T11:42:16'
System info: host: 'LT-1305', ip: '192.168.43.172', os.name: 'Windows 10', os.arch: 'amd64', os.version: '10.0', java.version: '1.8.0_221'
Driver info: org.openqa.selenium.chrome.ChromeDriver
Capabilities {acceptInsecureCerts: false, browserName: chrome, browserVersion: 78.0.3904.108, chrome: {chromedriverVersion: 78.0.3904.105 (60e2d8774a81..., userDataDir: C:\Users\TAMILS~1.SK\AppDat...}, goog:chromeOptions: {debuggerAddress: localhost:59413}, javascriptEnabled: true, networkConnectionEnabled: false, pageLoadStrategy: normal, platform: XP, platformName: XP, proxy: Proxy(), setWindowRect: true, strictFileInteractability: false, timeouts: {implicit: 0, pageLoad: 300000, script: 30000}, unhandledPromptBehavior: dismiss and notify}
Session ID: 8d89f46133b37734e19540fd831cbf45
	at sun.reflect.NativeConstructorAccessorImpl.newInstance0(Native Method)
	at sun.reflect.NativeConstructorAccessorImpl.newInstance(Unknown Source)
	at sun.reflect.DelegatingConstructorAccessorImpl.newInstance(Unknown Source)
	at java.lang.reflect.Constructor.newInstance(Unknown Source)
	at org.openqa.selenium.remote.http.W3CHttpResponseCodec.createException(W3CHttpResponseCodec.java:187)
	at org.openqa.selenium.remote.http.W3CHttpResponseCodec.decode(W3CHttpResponseCodec.java:122)
	at org.openqa.selenium.remote.http.W3CHttpResponseCodec.decode(W3CHttpResponseCodec.java:49)
	at org.openqa.selenium.remote.HttpCommandExecutor.execute(HttpCommandExecutor.java:158)
	at org.openqa.selenium.remote.service.DriverCommandExecutor.execute(DriverCommandExecutor.java:83)
	at org.openqa.selenium.remote.RemoteWebDriver.execute(RemoteWebDriver.java:552)
	at org.openqa.selenium.remote.RemoteWebElement.execute(RemoteWebElement.java:285)
	at org.openqa.selenium.remote.RemoteWebElement.click(RemoteWebElement.java:84)
	at sun.reflect.NativeMethodAccessorImpl.invoke0(Native Method)
	at sun.reflect.NativeMethodAccessorImpl.invoke(Unknown Source)
	at sun.reflect.DelegatingMethodAccessorImpl.invoke(Unknown Source)
	at java.lang.reflect.Method.invoke(Unknown Source)
	at org.openqa.selenium.support.pagefactory.internal.LocatingElementHandler.invoke(LocatingElementHandler.java:51)
	at com.sun.proxy.$Proxy10.click(Unknown Source)
	at com.ivymobility.pages.SalesOrder_Create_Page.OrderCreate(SalesOrder_Create_Page.java:53)
	at com.ivymobility.testcases.SalesOrder_Create.SalesOrder(SalesOrder_Create.java:28)
	at sun.reflect.NativeMethodAccessorImpl.invoke0(Native Method)
	at sun.reflect.NativeMethodAccessorImpl.invoke(Unknown Source)
	at sun.reflect.DelegatingMethodAccessorImpl.invoke(Unknown Source)
	at java.lang.reflect.Method.invoke(Unknown Source)
	at org.testng.internal.MethodInvocationHelper.invokeMethod(MethodInvocationHelper.java:104)
	at org.testng.internal.Invoker.invokeMethod(Invoker.java:645)
	at org.testng.internal.Invoker.invokeTestMethod(Invoker.java:851)
	at org.testng.internal.Invoker.invokeTestMethods(Invoker.java:1177)
	at org.testng.internal.TestMethodWorker.invokeTestMethods(TestMethodWorker.java:129)
	at org.testng.internal.TestMethodWorker.run(TestMethodWorker.java:112)
	at org.testng.TestRunner.privateRun(TestRunner.java:756)
	at org.testng.TestRunner.run(TestRunner.java:610)
	at org.testng.SuiteRunner.runTest(SuiteRunner.java:387)
	at org.testng.SuiteRunner.runSequentially(SuiteRunner.java:382)
	at org.testng.SuiteRunner.privateRun(SuiteRunner.java:340)
	at org.testng.SuiteRunner.run(SuiteRunner.java:289)
	at org.testng.SuiteRunnerWorker.runSuite(SuiteRunnerWorker.java:52)
	at org.testng.SuiteRunnerWorker.run(SuiteRunnerWorker.java:86)
	at org.testng.TestNG.runSuitesSequentially(TestNG.java:1293)
	at org.testng.TestNG.runSuitesLocally(TestNG.java:1218)
	at org.testng.TestNG.runSuites(TestNG.java:1133)
	at org.testng.TestNG.run(TestNG.java:1104)
	at org.testng.remote.AbstractRemoteTestNG.run(AbstractRemoteTestNG.java:115)
	at org.testng.remote.RemoteTestNG.initAndRun(RemoteTestNG.java:251)
	at org.testng.remote.RemoteTestNG.main(RemoteTestNG.java:77)
]]>
            </full-stacktrace>
          </exception> <!-- org.openqa.selenium.ElementClickInterceptedException -->
          <reporter-output>
          </reporter-output>
        </test-method> <!-- SalesOrder -->
        <test-method status="PASS" signature="tearDown()[pri:0, instance:com.ivymobility.testcases.SalesOrder_Create@68c4039c]" name="tearDown" is-config="true" duration-ms="807" started-at="2019-12-05T21:01:37Z" finished-at="2019-12-05T21:01:37Z">
          <reporter-output>
          </reporter-output>
        </test-method> <!-- tearDown -->
      </class> <!-- com.ivymobility.testcases.SalesOrder_Create -->
    </test> <!-- Default test -->
  </suite> <!-- Default suite -->
</testng-results>
