<?xml version="1.0" encoding="UTF-8"?>
<testng-results skipped="0" failed="0" ignored="0" total="1" passed="1">
  <reporter-output>
  </reporter-output>
  <suite name="Default suite" duration-ms="24373" started-at="2019-12-25T04:58:57Z" finished-at="2019-12-25T04:59:21Z">
    <groups>
    </groups>
    <test name="Default test" duration-ms="24373" started-at="2019-12-25T04:58:57Z" finished-at="2019-12-25T04:59:21Z">
      <class name="com.ivymobility.testcases.SalesOrder_Create">
        <test-method status="PASS" signature="dataSetup()[pri:0, instance:com.ivymobility.testcases.SalesOrder_Create@29774679]" name="dataSetup" is-config="true" duration-ms="15568" started-at="2019-12-25T10:28:57Z" finished-at="2019-12-25T10:29:12Z">
          <reporter-output>
          </reporter-output>
        </test-method> <!-- dataSetup -->
        <test-method status="PASS" signature="SalesOrder(java.lang.String, java.lang.String, java.lang.String, java.lang.String, java.lang.String)[pri:0, instance:com.ivymobility.testcases.SalesOrder_Create@29774679]" name="SalesOrder" duration-ms="8744" started-at="2019-12-25T10:29:12Z" data-provider="getTestData" finished-at="2019-12-25T10:29:21Z">
          <params>
            <param index="0">
              <value>
                <![CDATA[TTTPRE]]>
              </value>
            </param>
            <param index="1">
              <value>
                <![CDATA[0004]]>
              </value>
            </param>
            <param index="2">
              <value>
                <![CDATA[WH2]]>
              </value>
            </param>
            <param index="3">
              <value>
                <![CDATA[21188377]]>
              </value>
            </param>
            <param index="4">
              <value>
                <![CDATA[5.0]]>
              </value>
            </param>
          </params>
          <reporter-output>
          </reporter-output>
        </test-method> <!-- SalesOrder -->
      </class> <!-- com.ivymobility.testcases.SalesOrder_Create -->
    </test> <!-- Default test -->
  </suite> <!-- Default suite -->
</testng-results>
